INFO 2024-04-08 07:29:46,949 views 22816 22968 Получены данные состава: {'lineup': [{'player_id': 10, 'position': 'GK'}]}
INFO 2024-04-08 07:29:46,973 views 22816 22968 Состав успешно сохранен.
INFO 2024-04-08 07:29:48,010 views 22816 22968 Получены данные состава: {'lineup': [{'player_id': 10, 'position': 'GK'}, {'player_id': 14, 'position': 'DEF'}]}
INFO 2024-04-08 07:29:48,037 views 22816 22968 Состав успешно сохранен.
INFO 2024-04-08 07:29:48,968 views 22816 22968 Получены данные состава: {'lineup': [{'player_id': 10, 'position': 'GK'}, {'player_id': 14, 'position': 'DEF'}, {'player_id': 12, 'position': 'MID'}]}
INFO 2024-04-08 07:29:48,993 views 22816 22968 Состав успешно сохранен.
INFO 2024-04-08 07:29:49,976 views 22816 22968 Получены данные состава: {'lineup': [{'player_id': 10, 'position': 'GK'}, {'player_id': 14, 'position': 'DEF'}, {'player_id': 12, 'position': 'MID'}, {'player_id': 13, 'position': 'FWD'}]}
INFO 2024-04-08 07:29:50,003 views 22816 22968 Состав успешно сохранен.
INFO 2024-04-08 07:29:51,226 views 22816 22968 Получены данные состава: {'lineup': [{'player_id': 11, 'position': 'GK'}, {'player_id': 14, 'position': 'DEF'}, {'player_id': 12, 'position': 'MID'}, {'player_id': 13, 'position': 'FWD'}]}
INFO 2024-04-08 07:29:51,259 views 22816 22968 Состав успешно сохранен.
INFO 2024-04-09 18:55:15,650 views 24144 12924 Получены данные состава: {'lineup': [{'player_id': 1, 'position': 'DEF'}]}
INFO 2024-04-09 18:55:15,660 views 24144 12924 Состав успешно сохранен.
INFO 2024-04-09 18:55:17,239 views 24144 12924 Получены данные состава: {'lineup': [{'player_id': 3, 'position': 'GK'}, {'player_id': 1, 'position': 'DEF'}]}
INFO 2024-04-09 18:55:17,255 views 24144 12924 Состав успешно сохранен.
INFO 2024-04-09 18:55:18,701 views 24144 12924 Получены данные состава: {'lineup': [{'player_id': 3, 'position': 'GK'}, {'player_id': 1, 'position': 'DEF'}, {'player_id': 5, 'position': 'MID'}]}
INFO 2024-04-09 18:55:18,714 views 24144 12924 Состав успешно сохранен.
INFO 2024-04-09 18:55:20,487 views 24144 12924 Получены данные состава: {'lineup': [{'player_id': 3, 'position': 'GK'}, {'player_id': 1, 'position': 'DEF'}, {'player_id': 5, 'position': 'MID'}, {'player_id': 4, 'position': 'FWD'}]}
INFO 2024-04-09 18:55:20,512 views 24144 12924 Состав успешно сохранен.
INFO 2024-04-09 18:55:22,511 views 24144 12924 Получены данные состава: {'lineup': [{'player_id': 2, 'position': 'GK'}, {'player_id': 1, 'position': 'DEF'}, {'player_id': 5, 'position': 'MID'}, {'player_id': 4, 'position': 'FWD'}]}
INFO 2024-04-09 18:55:22,543 views 24144 12924 Состав успешно сохранен.
INFO 2024-04-09 18:55:24,290 views 24144 12924 Получены данные состава: {'lineup': [{'player_id': 3, 'position': 'GK'}, {'player_id': 1, 'position': 'DEF'}, {'player_id': 5, 'position': 'MID'}, {'player_id': 4, 'position': 'FWD'}]}
INFO 2024-04-09 18:55:24,320 views 24144 12924 Состав успешно сохранен.
INFO 2024-04-09 18:57:57,834 views 24144 12924 Получены данные состава: {'lineup': [{'player_id': 3, 'position': 'GK'}, {'player_id': 1, 'position': 'DEF'}, {'player_id': 2, 'position': 'MID'}, {'player_id': 4, 'position': 'FWD'}]}
INFO 2024-04-09 18:57:57,849 views 24144 12924 Состав успешно сохранен.
INFO 2024-04-09 18:59:05,161 views 24144 12924 Получены данные состава: {'lineup': [{'player_id': 9, 'position': 'DEF'}]}
INFO 2024-04-09 18:59:05,171 views 24144 12924 Состав успешно сохранен.
INFO 2024-04-09 18:59:06,362 views 24144 12924 Получены данные состава: {'lineup': [{'player_id': 8, 'position': 'GK'}, {'player_id': 9, 'position': 'DEF'}]}
INFO 2024-04-09 18:59:06,370 views 24144 12924 Состав успешно сохранен.
INFO 2024-04-09 18:59:07,285 views 24144 12924 Получены данные состава: {'lineup': [{'player_id': 8, 'position': 'GK'}, {'player_id': 9, 'position': 'DEF'}, {'player_id': 7, 'position': 'FWD'}]}
INFO 2024-04-09 18:59:07,306 views 24144 12924 Состав успешно сохранен.
INFO 2024-04-09 18:59:08,506 views 24144 12924 Получены данные состава: {'lineup': [{'player_id': 8, 'position': 'GK'}, {'player_id': 9, 'position': 'DEF'}, {'player_id': 6, 'position': 'MID'}, {'player_id': 7, 'position': 'FWD'}]}
INFO 2024-04-09 18:59:08,523 views 24144 12924 Состав успешно сохранен.
